The system is: Linux - 6.8.0-48-generic - x86_64
Compiling the C compiler identification source file "CMakeCCompilerId.c" succeeded.
Compiler: /opt/Qualcomm/Hexagon_SDK/3.1/tools/HEXAGON_Tools/8.0.08/Tools/bin/hexagon-clang 
Build flags: 
Id flags:  

The output was:
0


Compilation of the C compiler identification source "CMakeCCompilerId.c" produced "a.out"

The C compiler identification is Clang, found in "/home/root/build_sdsp/CMakeFiles/3.10.2/CompilerIdC/a.out"

Compiling the CXX compiler identification source file "CMakeCXXCompilerId.cpp" succeeded.
Compiler: /opt/Qualcomm/Hexagon_SDK/3.1/tools/HEXAGON_Tools/8.0.08/Tools/bin/hexagon-clang++ 
Build flags: 
Id flags:  

The output was:
0


Compilation of the CXX compiler identification source "CMakeCXXCompilerId.cpp" produced "a.out"

The CXX compiler identification is Clang, found in "/home/root/build_sdsp/CMakeFiles/3.10.2/CompilerIdCXX/a.out"

Determining if the C compiler works passed with the following output:
Change Dir: /home/root/build_sdsp/CMakeFiles/CMakeTmp

Run Build Command:"/usr/bin/make" "cmTC_e3807/fast"
/usr/bin/make -f CMakeFiles/cmTC_e3807.dir/build.make CMakeFiles/cmTC_e3807.dir/build
make[1]: Entering directory '/home/root/build_sdsp/CMakeFiles/CMakeTmp'
Building C object CMakeFiles/cmTC_e3807.dir/testCCompiler.c.o
/opt/Qualcomm/Hexagon_SDK/3.1/tools/HEXAGON_Tools/8.0.08/Tools/bin/hexagon-clang    -o CMakeFiles/cmTC_e3807.dir/testCCompiler.c.o   -c /home/root/build_sdsp/CMakeFiles/CMakeTmp/testCCompiler.c
Linking C executable cmTC_e3807
/usr/bin/cmake -E cmake_link_script CMakeFiles/cmTC_e3807.dir/link.txt --verbose=1
/opt/Qualcomm/Hexagon_SDK/3.1/tools/HEXAGON_Tools/8.0.08/Tools/bin/hexagon-clang      CMakeFiles/cmTC_e3807.dir/testCCompiler.c.o  -o cmTC_e3807 
make[1]: Leaving directory '/home/root/build_sdsp/CMakeFiles/CMakeTmp'


Detecting C compiler ABI info compiled with the following output:
Change Dir: /home/root/build_sdsp/CMakeFiles/CMakeTmp

Run Build Command:"/usr/bin/make" "cmTC_44b4d/fast"
/usr/bin/make -f CMakeFiles/cmTC_44b4d.dir/build.make CMakeFiles/cmTC_44b4d.dir/build
make[1]: Entering directory '/home/root/build_sdsp/CMakeFiles/CMakeTmp'
Building C object CMakeFiles/cmTC_44b4d.dir/CMakeCCompilerABI.c.o
/opt/Qualcomm/Hexagon_SDK/3.1/tools/HEXAGON_Tools/8.0.08/Tools/bin/hexagon-clang    -o CMakeFiles/cmTC_44b4d.dir/CMakeCCompilerABI.c.o   -c /usr/share/cmake-3.10/Modules/CMakeCCompilerABI.c
Linking C executable cmTC_44b4d
/usr/bin/cmake -E cmake_link_script CMakeFiles/cmTC_44b4d.dir/link.txt --verbose=1
/opt/Qualcomm/Hexagon_SDK/3.1/tools/HEXAGON_Tools/8.0.08/Tools/bin/hexagon-clang     -v CMakeFiles/cmTC_44b4d.dir/CMakeCCompilerABI.c.o  -o cmTC_44b4d 
Target: hexagon
Thread model: posix
QuIC LLVM Hexagon Clang version 8.0.08 (based on LLVM 3.9.0)
InstalledDir: /opt/Qualcomm/Hexagon_SDK/3.1/tools/HEXAGON_Tools/8.0.08/Tools/bin
 "/opt/Qualcomm/Hexagon_SDK/3.1/tools/HEXAGON_Tools/8.0.08/Tools/bin/hexagon-link" -march=hexagon -mcpu=hexagonv60 -o cmTC_44b4d /opt/Qualcomm/Hexagon_SDK/3.1/tools/HEXAGON_Tools/8.0.08/Tools/bin/../target/hexagon/lib/v60/crt0_standalone.o /opt/Qualcomm/Hexagon_SDK/3.1/tools/HEXAGON_Tools/8.0.08/Tools/bin/../target/hexagon/lib/v60/crt0.o /opt/Qualcomm/Hexagon_SDK/3.1/tools/HEXAGON_Tools/8.0.08/Tools/bin/../target/hexagon/lib/v60/init.o -L/opt/Qualcomm/Hexagon_SDK/3.1/tools/HEXAGON_Tools/8.0.08/Tools/bin/../target/hexagon/lib/v60 -L/opt/Qualcomm/Hexagon_SDK/3.1/tools/HEXAGON_Tools/8.0.08/Tools/bin/../target/hexagon/lib CMakeFiles/cmTC_44b4d.dir/CMakeCCompilerABI.c.o --start-group -lstandalone -lc -lgcc --end-group /opt/Qualcomm/Hexagon_SDK/3.1/tools/HEXAGON_Tools/8.0.08/Tools/bin/../target/hexagon/lib/v60/fini.o
make[1]: Leaving directory '/home/root/build_sdsp/CMakeFiles/CMakeTmp'


Parsed C implicit link information from above output:
  link line regex: [^( *|.*[/\])(ld|CMAKE_LINK_STARTFILE-NOTFOUND|([^/\]+-)?ld|collect2)[^/\]*( |$)]
  ignore line: [Change Dir: /home/root/build_sdsp/CMakeFiles/CMakeTmp]
  ignore line: []
  ignore line: [Run Build Command:"/usr/bin/make" "cmTC_44b4d/fast"]
  ignore line: [/usr/bin/make -f CMakeFiles/cmTC_44b4d.dir/build.make CMakeFiles/cmTC_44b4d.dir/build]
  ignore line: [make[1]: Entering directory '/home/root/build_sdsp/CMakeFiles/CMakeTmp']
  ignore line: [Building C object CMakeFiles/cmTC_44b4d.dir/CMakeCCompilerABI.c.o]
  ignore line: [/opt/Qualcomm/Hexagon_SDK/3.1/tools/HEXAGON_Tools/8.0.08/Tools/bin/hexagon-clang    -o CMakeFiles/cmTC_44b4d.dir/CMakeCCompilerABI.c.o   -c /usr/share/cmake-3.10/Modules/CMakeCCompilerABI.c]
  ignore line: [Linking C executable cmTC_44b4d]
  ignore line: [/usr/bin/cmake -E cmake_link_script CMakeFiles/cmTC_44b4d.dir/link.txt --verbose=1]
  ignore line: [/opt/Qualcomm/Hexagon_SDK/3.1/tools/HEXAGON_Tools/8.0.08/Tools/bin/hexagon-clang     -v CMakeFiles/cmTC_44b4d.dir/CMakeCCompilerABI.c.o  -o cmTC_44b4d ]
  ignore line: [Target: hexagon]
  ignore line: [Thread model: posix]
  ignore line: [QuIC LLVM Hexagon Clang version 8.0.08 (based on LLVM 3.9.0)]
  ignore line: [InstalledDir: /opt/Qualcomm/Hexagon_SDK/3.1/tools/HEXAGON_Tools/8.0.08/Tools/bin]
  ignore line: [ "/opt/Qualcomm/Hexagon_SDK/3.1/tools/HEXAGON_Tools/8.0.08/Tools/bin/hexagon-link" -march=hexagon -mcpu=hexagonv60 -o cmTC_44b4d /opt/Qualcomm/Hexagon_SDK/3.1/tools/HEXAGON_Tools/8.0.08/Tools/bin/../target/hexagon/lib/v60/crt0_standalone.o /opt/Qualcomm/Hexagon_SDK/3.1/tools/HEXAGON_Tools/8.0.08/Tools/bin/../target/hexagon/lib/v60/crt0.o /opt/Qualcomm/Hexagon_SDK/3.1/tools/HEXAGON_Tools/8.0.08/Tools/bin/../target/hexagon/lib/v60/init.o -L/opt/Qualcomm/Hexagon_SDK/3.1/tools/HEXAGON_Tools/8.0.08/Tools/bin/../target/hexagon/lib/v60 -L/opt/Qualcomm/Hexagon_SDK/3.1/tools/HEXAGON_Tools/8.0.08/Tools/bin/../target/hexagon/lib CMakeFiles/cmTC_44b4d.dir/CMakeCCompilerABI.c.o --start-group -lstandalone -lc -lgcc --end-group /opt/Qualcomm/Hexagon_SDK/3.1/tools/HEXAGON_Tools/8.0.08/Tools/bin/../target/hexagon/lib/v60/fini.o]
  ignore line: [make[1]: Leaving directory '/home/root/build_sdsp/CMakeFiles/CMakeTmp']
  ignore line: []
  implicit libs: []
  implicit dirs: []
  implicit fwks: []




Detecting C [-std=c11] compiler features compiled with the following output:
Change Dir: /home/root/build_sdsp/CMakeFiles/CMakeTmp

Run Build Command:"/usr/bin/make" "cmTC_31956/fast"
/usr/bin/make -f CMakeFiles/cmTC_31956.dir/build.make CMakeFiles/cmTC_31956.dir/build
make[1]: Entering directory '/home/root/build_sdsp/CMakeFiles/CMakeTmp'
Building C object CMakeFiles/cmTC_31956.dir/feature_tests.c.o
/opt/Qualcomm/Hexagon_SDK/3.1/tools/HEXAGON_Tools/8.0.08/Tools/bin/hexagon-clang   -std=c11 -o CMakeFiles/cmTC_31956.dir/feature_tests.c.o   -c /home/root/build_sdsp/CMakeFiles/feature_tests.c
Linking C executable cmTC_31956
/usr/bin/cmake -E cmake_link_script CMakeFiles/cmTC_31956.dir/link.txt --verbose=1
/opt/Qualcomm/Hexagon_SDK/3.1/tools/HEXAGON_Tools/8.0.08/Tools/bin/hexagon-clang      CMakeFiles/cmTC_31956.dir/feature_tests.c.o  -o cmTC_31956 
make[1]: Leaving directory '/home/root/build_sdsp/CMakeFiles/CMakeTmp'


    Feature record: C_FEATURE:1c_function_prototypes
    Feature record: C_FEATURE:1c_restrict
    Feature record: C_FEATURE:1c_static_assert
    Feature record: C_FEATURE:1c_variadic_macros


Detecting C [-std=c99] compiler features compiled with the following output:
Change Dir: /home/root/build_sdsp/CMakeFiles/CMakeTmp

Run Build Command:"/usr/bin/make" "cmTC_dba3e/fast"
/usr/bin/make -f CMakeFiles/cmTC_dba3e.dir/build.make CMakeFiles/cmTC_dba3e.dir/build
make[1]: Entering directory '/home/root/build_sdsp/CMakeFiles/CMakeTmp'
Building C object CMakeFiles/cmTC_dba3e.dir/feature_tests.c.o
/opt/Qualcomm/Hexagon_SDK/3.1/tools/HEXAGON_Tools/8.0.08/Tools/bin/hexagon-clang   -std=c99 -o CMakeFiles/cmTC_dba3e.dir/feature_tests.c.o   -c /home/root/build_sdsp/CMakeFiles/feature_tests.c
Linking C executable cmTC_dba3e
/usr/bin/cmake -E cmake_link_script CMakeFiles/cmTC_dba3e.dir/link.txt --verbose=1
/opt/Qualcomm/Hexagon_SDK/3.1/tools/HEXAGON_Tools/8.0.08/Tools/bin/hexagon-clang      CMakeFiles/cmTC_dba3e.dir/feature_tests.c.o  -o cmTC_dba3e 
make[1]: Leaving directory '/home/root/build_sdsp/CMakeFiles/CMakeTmp'


    Feature record: C_FEATURE:1c_function_prototypes
    Feature record: C_FEATURE:1c_restrict
    Feature record: C_FEATURE:0c_static_assert
    Feature record: C_FEATURE:1c_variadic_macros


Detecting C [-std=c90] compiler features compiled with the following output:
Change Dir: /home/root/build_sdsp/CMakeFiles/CMakeTmp

Run Build Command:"/usr/bin/make" "cmTC_c1067/fast"
/usr/bin/make -f CMakeFiles/cmTC_c1067.dir/build.make CMakeFiles/cmTC_c1067.dir/build
make[1]: Entering directory '/home/root/build_sdsp/CMakeFiles/CMakeTmp'
Building C object CMakeFiles/cmTC_c1067.dir/feature_tests.c.o
/opt/Qualcomm/Hexagon_SDK/3.1/tools/HEXAGON_Tools/8.0.08/Tools/bin/hexagon-clang   -std=c90 -o CMakeFiles/cmTC_c1067.dir/feature_tests.c.o   -c /home/root/build_sdsp/CMakeFiles/feature_tests.c
Linking C executable cmTC_c1067
/usr/bin/cmake -E cmake_link_script CMakeFiles/cmTC_c1067.dir/link.txt --verbose=1
/opt/Qualcomm/Hexagon_SDK/3.1/tools/HEXAGON_Tools/8.0.08/Tools/bin/hexagon-clang      CMakeFiles/cmTC_c1067.dir/feature_tests.c.o  -o cmTC_c1067 
make[1]: Leaving directory '/home/root/build_sdsp/CMakeFiles/CMakeTmp'


    Feature record: C_FEATURE:1c_function_prototypes
    Feature record: C_FEATURE:0c_restrict
    Feature record: C_FEATURE:0c_static_assert
    Feature record: C_FEATURE:0c_variadic_macros
Determining if the CXX compiler works passed with the following output:
Change Dir: /home/root/build_sdsp/CMakeFiles/CMakeTmp

Run Build Command:"/usr/bin/make" "cmTC_5cead/fast"
/usr/bin/make -f CMakeFiles/cmTC_5cead.dir/build.make CMakeFiles/cmTC_5cead.dir/build
make[1]: Entering directory '/home/root/build_sdsp/CMakeFiles/CMakeTmp'
Building CXX object CMakeFiles/cmTC_5cead.dir/testCXXCompiler.cxx.o
/opt/Qualcomm/Hexagon_SDK/3.1/tools/HEXAGON_Tools/8.0.08/Tools/bin/hexagon-clang++     -o CMakeFiles/cmTC_5cead.dir/testCXXCompiler.cxx.o -c /home/root/build_sdsp/CMakeFiles/CMakeTmp/testCXXCompiler.cxx
Linking CXX executable cmTC_5cead
/usr/bin/cmake -E cmake_link_script CMakeFiles/cmTC_5cead.dir/link.txt --verbose=1
/opt/Qualcomm/Hexagon_SDK/3.1/tools/HEXAGON_Tools/8.0.08/Tools/bin/hexagon-clang++       CMakeFiles/cmTC_5cead.dir/testCXXCompiler.cxx.o  -o cmTC_5cead 
make[1]: Leaving directory '/home/root/build_sdsp/CMakeFiles/CMakeTmp'


Detecting CXX compiler ABI info compiled with the following output:
Change Dir: /home/root/build_sdsp/CMakeFiles/CMakeTmp

Run Build Command:"/usr/bin/make" "cmTC_47143/fast"
/usr/bin/make -f CMakeFiles/cmTC_47143.dir/build.make CMakeFiles/cmTC_47143.dir/build
make[1]: Entering directory '/home/root/build_sdsp/CMakeFiles/CMakeTmp'
Building CXX object CMakeFiles/cmTC_47143.dir/CMakeCXXCompilerABI.cpp.o
/opt/Qualcomm/Hexagon_SDK/3.1/tools/HEXAGON_Tools/8.0.08/Tools/bin/hexagon-clang++     -o CMakeFiles/cmTC_47143.dir/CMakeCXXCompilerABI.cpp.o -c /usr/share/cmake-3.10/Modules/CMakeCXXCompilerABI.cpp
Linking CXX executable cmTC_47143
/usr/bin/cmake -E cmake_link_script CMakeFiles/cmTC_47143.dir/link.txt --verbose=1
/opt/Qualcomm/Hexagon_SDK/3.1/tools/HEXAGON_Tools/8.0.08/Tools/bin/hexagon-clang++      -v CMakeFiles/cmTC_47143.dir/CMakeCXXCompilerABI.cpp.o  -o cmTC_47143 
Target: hexagon
Thread model: posix
QuIC LLVM Hexagon Clang version 8.0.08 (based on LLVM 3.9.0)
InstalledDir: /opt/Qualcomm/Hexagon_SDK/3.1/tools/HEXAGON_Tools/8.0.08/Tools/bin
 "/opt/Qualcomm/Hexagon_SDK/3.1/tools/HEXAGON_Tools/8.0.08/Tools/bin/hexagon-link" -march=hexagon -mcpu=hexagonv60 -o cmTC_47143 /opt/Qualcomm/Hexagon_SDK/3.1/tools/HEXAGON_Tools/8.0.08/Tools/bin/../target/hexagon/lib/v60/crt0_standalone.o /opt/Qualcomm/Hexagon_SDK/3.1/tools/HEXAGON_Tools/8.0.08/Tools/bin/../target/hexagon/lib/v60/crt0.o /opt/Qualcomm/Hexagon_SDK/3.1/tools/HEXAGON_Tools/8.0.08/Tools/bin/../target/hexagon/lib/v60/init.o -L/opt/Qualcomm/Hexagon_SDK/3.1/tools/HEXAGON_Tools/8.0.08/Tools/bin/../target/hexagon/lib/v60 -L/opt/Qualcomm/Hexagon_SDK/3.1/tools/HEXAGON_Tools/8.0.08/Tools/bin/../target/hexagon/lib CMakeFiles/cmTC_47143.dir/CMakeCXXCompilerABI.cpp.o -lstdc++ -lm --start-group -lstandalone -lc -lgcc --end-group /opt/Qualcomm/Hexagon_SDK/3.1/tools/HEXAGON_Tools/8.0.08/Tools/bin/../target/hexagon/lib/v60/fini.o
make[1]: Leaving directory '/home/root/build_sdsp/CMakeFiles/CMakeTmp'


Parsed CXX implicit link information from above output:
  link line regex: [^( *|.*[/\])(ld|CMAKE_LINK_STARTFILE-NOTFOUND|([^/\]+-)?ld|collect2)[^/\]*( |$)]
  ignore line: [Change Dir: /home/root/build_sdsp/CMakeFiles/CMakeTmp]
  ignore line: []
  ignore line: [Run Build Command:"/usr/bin/make" "cmTC_47143/fast"]
  ignore line: [/usr/bin/make -f CMakeFiles/cmTC_47143.dir/build.make CMakeFiles/cmTC_47143.dir/build]
  ignore line: [make[1]: Entering directory '/home/root/build_sdsp/CMakeFiles/CMakeTmp']
  ignore line: [Building CXX object CMakeFiles/cmTC_47143.dir/CMakeCXXCompilerABI.cpp.o]
  ignore line: [/opt/Qualcomm/Hexagon_SDK/3.1/tools/HEXAGON_Tools/8.0.08/Tools/bin/hexagon-clang++     -o CMakeFiles/cmTC_47143.dir/CMakeCXXCompilerABI.cpp.o -c /usr/share/cmake-3.10/Modules/CMakeCXXCompilerABI.cpp]
  ignore line: [Linking CXX executable cmTC_47143]
  ignore line: [/usr/bin/cmake -E cmake_link_script CMakeFiles/cmTC_47143.dir/link.txt --verbose=1]
  ignore line: [/opt/Qualcomm/Hexagon_SDK/3.1/tools/HEXAGON_Tools/8.0.08/Tools/bin/hexagon-clang++      -v CMakeFiles/cmTC_47143.dir/CMakeCXXCompilerABI.cpp.o  -o cmTC_47143 ]
  ignore line: [Target: hexagon]
  ignore line: [Thread model: posix]
  ignore line: [QuIC LLVM Hexagon Clang version 8.0.08 (based on LLVM 3.9.0)]
  ignore line: [InstalledDir: /opt/Qualcomm/Hexagon_SDK/3.1/tools/HEXAGON_Tools/8.0.08/Tools/bin]
  ignore line: [ "/opt/Qualcomm/Hexagon_SDK/3.1/tools/HEXAGON_Tools/8.0.08/Tools/bin/hexagon-link" -march=hexagon -mcpu=hexagonv60 -o cmTC_47143 /opt/Qualcomm/Hexagon_SDK/3.1/tools/HEXAGON_Tools/8.0.08/Tools/bin/../target/hexagon/lib/v60/crt0_standalone.o /opt/Qualcomm/Hexagon_SDK/3.1/tools/HEXAGON_Tools/8.0.08/Tools/bin/../target/hexagon/lib/v60/crt0.o /opt/Qualcomm/Hexagon_SDK/3.1/tools/HEXAGON_Tools/8.0.08/Tools/bin/../target/hexagon/lib/v60/init.o -L/opt/Qualcomm/Hexagon_SDK/3.1/tools/HEXAGON_Tools/8.0.08/Tools/bin/../target/hexagon/lib/v60 -L/opt/Qualcomm/Hexagon_SDK/3.1/tools/HEXAGON_Tools/8.0.08/Tools/bin/../target/hexagon/lib CMakeFiles/cmTC_47143.dir/CMakeCXXCompilerABI.cpp.o -lstdc++ -lm --start-group -lstandalone -lc -lgcc --end-group /opt/Qualcomm/Hexagon_SDK/3.1/tools/HEXAGON_Tools/8.0.08/Tools/bin/../target/hexagon/lib/v60/fini.o]
  ignore line: [make[1]: Leaving directory '/home/root/build_sdsp/CMakeFiles/CMakeTmp']
  ignore line: []
  implicit libs: []
  implicit dirs: []
  implicit fwks: []




Detecting CXX [-std=c++1z] compiler features compiled with the following output:
Change Dir: /home/root/build_sdsp/CMakeFiles/CMakeTmp

Run Build Command:"/usr/bin/make" "cmTC_30c4e/fast"
/usr/bin/make -f CMakeFiles/cmTC_30c4e.dir/build.make CMakeFiles/cmTC_30c4e.dir/build
make[1]: Entering directory '/home/root/build_sdsp/CMakeFiles/CMakeTmp'
Building CXX object CMakeFiles/cmTC_30c4e.dir/feature_tests.cxx.o
/opt/Qualcomm/Hexagon_SDK/3.1/tools/HEXAGON_Tools/8.0.08/Tools/bin/hexagon-clang++    -std=c++1z -o CMakeFiles/cmTC_30c4e.dir/feature_tests.cxx.o -c /home/root/build_sdsp/CMakeFiles/feature_tests.cxx
Linking CXX executable cmTC_30c4e
/usr/bin/cmake -E cmake_link_script CMakeFiles/cmTC_30c4e.dir/link.txt --verbose=1
/opt/Qualcomm/Hexagon_SDK/3.1/tools/HEXAGON_Tools/8.0.08/Tools/bin/hexagon-clang++       CMakeFiles/cmTC_30c4e.dir/feature_tests.cxx.o  -o cmTC_30c4e 
make[1]: Leaving directory '/home/root/build_sdsp/CMakeFiles/CMakeTmp'


    Feature record: CXX_FEATURE:1cxx_aggregate_default_initializers
    Feature record: CXX_FEATURE:1cxx_alias_templates
    Feature record: CXX_FEATURE:1cxx_alignas
    Feature record: CXX_FEATURE:1cxx_alignof
    Feature record: CXX_FEATURE:1cxx_attributes
    Feature record: CXX_FEATURE:1cxx_attribute_deprecated
    Feature record: CXX_FEATURE:1cxx_auto_type
    Feature record: CXX_FEATURE:1cxx_binary_literals
    Feature record: CXX_FEATURE:1cxx_constexpr
    Feature record: CXX_FEATURE:1cxx_contextual_conversions
    Feature record: CXX_FEATURE:1cxx_decltype
    Feature record: CXX_FEATURE:1cxx_decltype_auto
    Feature record: CXX_FEATURE:1cxx_decltype_incomplete_return_types
    Feature record: CXX_FEATURE:1cxx_default_function_template_args
    Feature record: CXX_FEATURE:1cxx_defaulted_functions
    Feature record: CXX_FEATURE:1cxx_defaulted_move_initializers
    Feature record: CXX_FEATURE:1cxx_delegating_constructors
    Feature record: CXX_FEATURE:1cxx_deleted_functions
    Feature record: CXX_FEATURE:1cxx_digit_separators
    Feature record: CXX_FEATURE:1cxx_enum_forward_declarations
    Feature record: CXX_FEATURE:1cxx_explicit_conversions
    Feature record: CXX_FEATURE:1cxx_extended_friend_declarations
    Feature record: CXX_FEATURE:1cxx_extern_templates
    Feature record: CXX_FEATURE:1cxx_final
    Feature record: CXX_FEATURE:1cxx_func_identifier
    Feature record: CXX_FEATURE:1cxx_generalized_initializers
    Feature record: CXX_FEATURE:1cxx_generic_lambdas
    Feature record: CXX_FEATURE:1cxx_inheriting_constructors
    Feature record: CXX_FEATURE:1cxx_inline_namespaces
    Feature record: CXX_FEATURE:1cxx_lambdas
    Feature record: CXX_FEATURE:1cxx_lambda_init_captures
    Feature record: CXX_FEATURE:1cxx_local_type_template_args
    Feature record: CXX_FEATURE:1cxx_long_long_type
    Feature record: CXX_FEATURE:1cxx_noexcept
    Feature record: CXX_FEATURE:1cxx_nonstatic_member_init
    Feature record: CXX_FEATURE:1cxx_nullptr
    Feature record: CXX_FEATURE:1cxx_override
    Feature record: CXX_FEATURE:1cxx_range_for
    Feature record: CXX_FEATURE:1cxx_raw_string_literals
    Feature record: CXX_FEATURE:1cxx_reference_qualified_functions
    Feature record: CXX_FEATURE:1cxx_relaxed_constexpr
    Feature record: CXX_FEATURE:1cxx_return_type_deduction
    Feature record: CXX_FEATURE:1cxx_right_angle_brackets
    Feature record: CXX_FEATURE:1cxx_rvalue_references
    Feature record: CXX_FEATURE:1cxx_sizeof_member
    Feature record: CXX_FEATURE:1cxx_static_assert
    Feature record: CXX_FEATURE:1cxx_strong_enums
    Feature record: CXX_FEATURE:1cxx_template_template_parameters
    Feature record: CXX_FEATURE:1cxx_thread_local
    Feature record: CXX_FEATURE:1cxx_trailing_return_types
    Feature record: CXX_FEATURE:1cxx_unicode_literals
    Feature record: CXX_FEATURE:1cxx_uniform_initialization
    Feature record: CXX_FEATURE:1cxx_unrestricted_unions
    Feature record: CXX_FEATURE:1cxx_user_literals
    Feature record: CXX_FEATURE:1cxx_variable_templates
    Feature record: CXX_FEATURE:1cxx_variadic_macros
    Feature record: CXX_FEATURE:1cxx_variadic_templates


Detecting CXX [-std=c++14] compiler features compiled with the following output:
Change Dir: /home/root/build_sdsp/CMakeFiles/CMakeTmp

Run Build Command:"/usr/bin/make" "cmTC_23ec5/fast"
/usr/bin/make -f CMakeFiles/cmTC_23ec5.dir/build.make CMakeFiles/cmTC_23ec5.dir/build
make[1]: Entering directory '/home/root/build_sdsp/CMakeFiles/CMakeTmp'
Building CXX object CMakeFiles/cmTC_23ec5.dir/feature_tests.cxx.o
/opt/Qualcomm/Hexagon_SDK/3.1/tools/HEXAGON_Tools/8.0.08/Tools/bin/hexagon-clang++    -std=c++14 -o CMakeFiles/cmTC_23ec5.dir/feature_tests.cxx.o -c /home/root/build_sdsp/CMakeFiles/feature_tests.cxx
Linking CXX executable cmTC_23ec5
/usr/bin/cmake -E cmake_link_script CMakeFiles/cmTC_23ec5.dir/link.txt --verbose=1
/opt/Qualcomm/Hexagon_SDK/3.1/tools/HEXAGON_Tools/8.0.08/Tools/bin/hexagon-clang++       CMakeFiles/cmTC_23ec5.dir/feature_tests.cxx.o  -o cmTC_23ec5 
make[1]: Leaving directory '/home/root/build_sdsp/CMakeFiles/CMakeTmp'


    Feature record: CXX_FEATURE:1cxx_aggregate_default_initializers
    Feature record: CXX_FEATURE:1cxx_alias_templates
    Feature record: CXX_FEATURE:1cxx_alignas
    Feature record: CXX_FEATURE:1cxx_alignof
    Feature record: CXX_FEATURE:1cxx_attributes
    Feature record: CXX_FEATURE:1cxx_attribute_deprecated
    Feature record: CXX_FEATURE:1cxx_auto_type
    Feature record: CXX_FEATURE:1cxx_binary_literals
    Feature record: CXX_FEATURE:1cxx_constexpr
    Feature record: CXX_FEATURE:1cxx_contextual_conversions
    Feature record: CXX_FEATURE:1cxx_decltype
    Feature record: CXX_FEATURE:1cxx_decltype_auto
    Feature record: CXX_FEATURE:1cxx_decltype_incomplete_return_types
    Feature record: CXX_FEATURE:1cxx_default_function_template_args
    Feature record: CXX_FEATURE:1cxx_defaulted_functions
    Feature record: CXX_FEATURE:1cxx_defaulted_move_initializers
    Feature record: CXX_FEATURE:1cxx_delegating_constructors
    Feature record: CXX_FEATURE:1cxx_deleted_functions
    Feature record: CXX_FEATURE:1cxx_digit_separators
    Feature record: CXX_FEATURE:1cxx_enum_forward_declarations
    Feature record: CXX_FEATURE:1cxx_explicit_conversions
    Feature record: CXX_FEATURE:1cxx_extended_friend_declarations
    Feature record: CXX_FEATURE:1cxx_extern_templates
    Feature record: CXX_FEATURE:1cxx_final
    Feature record: CXX_FEATURE:1cxx_func_identifier
    Feature record: CXX_FEATURE:1cxx_generalized_initializers
    Feature record: CXX_FEATURE:1cxx_generic_lambdas
    Feature record: CXX_FEATURE:1cxx_inheriting_constructors
    Feature record: CXX_FEATURE:1cxx_inline_namespaces
    Feature record: CXX_FEATURE:1cxx_lambdas
    Feature record: CXX_FEATURE:1cxx_lambda_init_captures
    Feature record: CXX_FEATURE:1cxx_local_type_template_args
    Feature record: CXX_FEATURE:1cxx_long_long_type
    Feature record: CXX_FEATURE:1cxx_noexcept
    Feature record: CXX_FEATURE:1cxx_nonstatic_member_init
    Feature record: CXX_FEATURE:1cxx_nullptr
    Feature record: CXX_FEATURE:1cxx_override
    Feature record: CXX_FEATURE:1cxx_range_for
    Feature record: CXX_FEATURE:1cxx_raw_string_literals
    Feature record: CXX_FEATURE:1cxx_reference_qualified_functions
    Feature record: CXX_FEATURE:1cxx_relaxed_constexpr
    Feature record: CXX_FEATURE:1cxx_return_type_deduction
    Feature record: CXX_FEATURE:1cxx_right_angle_brackets
    Feature record: CXX_FEATURE:1cxx_rvalue_references
    Feature record: CXX_FEATURE:1cxx_sizeof_member
    Feature record: CXX_FEATURE:1cxx_static_assert
    Feature record: CXX_FEATURE:1cxx_strong_enums
    Feature record: CXX_FEATURE:1cxx_template_template_parameters
    Feature record: CXX_FEATURE:1cxx_thread_local
    Feature record: CXX_FEATURE:1cxx_trailing_return_types
    Feature record: CXX_FEATURE:1cxx_unicode_literals
    Feature record: CXX_FEATURE:1cxx_uniform_initialization
    Feature record: CXX_FEATURE:1cxx_unrestricted_unions
    Feature record: CXX_FEATURE:1cxx_user_literals
    Feature record: CXX_FEATURE:1cxx_variable_templates
    Feature record: CXX_FEATURE:1cxx_variadic_macros
    Feature record: CXX_FEATURE:1cxx_variadic_templates


Detecting CXX [-std=c++11] compiler features compiled with the following output:
Change Dir: /home/root/build_sdsp/CMakeFiles/CMakeTmp

Run Build Command:"/usr/bin/make" "cmTC_a8b3a/fast"
/usr/bin/make -f CMakeFiles/cmTC_a8b3a.dir/build.make CMakeFiles/cmTC_a8b3a.dir/build
make[1]: Entering directory '/home/root/build_sdsp/CMakeFiles/CMakeTmp'
Building CXX object CMakeFiles/cmTC_a8b3a.dir/feature_tests.cxx.o
/opt/Qualcomm/Hexagon_SDK/3.1/tools/HEXAGON_Tools/8.0.08/Tools/bin/hexagon-clang++    -std=c++11 -o CMakeFiles/cmTC_a8b3a.dir/feature_tests.cxx.o -c /home/root/build_sdsp/CMakeFiles/feature_tests.cxx
Linking CXX executable cmTC_a8b3a
/usr/bin/cmake -E cmake_link_script CMakeFiles/cmTC_a8b3a.dir/link.txt --verbose=1
/opt/Qualcomm/Hexagon_SDK/3.1/tools/HEXAGON_Tools/8.0.08/Tools/bin/hexagon-clang++       CMakeFiles/cmTC_a8b3a.dir/feature_tests.cxx.o  -o cmTC_a8b3a 
make[1]: Leaving directory '/home/root/build_sdsp/CMakeFiles/CMakeTmp'


    Feature record: CXX_FEATURE:0cxx_aggregate_default_initializers
    Feature record: CXX_FEATURE:1cxx_alias_templates
    Feature record: CXX_FEATURE:1cxx_alignas
    Feature record: CXX_FEATURE:1cxx_alignof
    Feature record: CXX_FEATURE:1cxx_attributes
    Feature record: CXX_FEATURE:0cxx_attribute_deprecated
    Feature record: CXX_FEATURE:1cxx_auto_type
    Feature record: CXX_FEATURE:0cxx_binary_literals
    Feature record: CXX_FEATURE:1cxx_constexpr
    Feature record: CXX_FEATURE:0cxx_contextual_conversions
    Feature record: CXX_FEATURE:1cxx_decltype
    Feature record: CXX_FEATURE:0cxx_decltype_auto
    Feature record: CXX_FEATURE:1cxx_decltype_incomplete_return_types
    Feature record: CXX_FEATURE:1cxx_default_function_template_args
    Feature record: CXX_FEATURE:1cxx_defaulted_functions
    Feature record: CXX_FEATURE:1cxx_defaulted_move_initializers
    Feature record: CXX_FEATURE:1cxx_delegating_constructors
    Feature record: CXX_FEATURE:1cxx_deleted_functions
    Feature record: CXX_FEATURE:0cxx_digit_separators
    Feature record: CXX_FEATURE:1cxx_enum_forward_declarations
    Feature record: CXX_FEATURE:1cxx_explicit_conversions
    Feature record: CXX_FEATURE:1cxx_extended_friend_declarations
    Feature record: CXX_FEATURE:1cxx_extern_templates
    Feature record: CXX_FEATURE:1cxx_final
    Feature record: CXX_FEATURE:1cxx_func_identifier
    Feature record: CXX_FEATURE:1cxx_generalized_initializers
    Feature record: CXX_FEATURE:0cxx_generic_lambdas
    Feature record: CXX_FEATURE:1cxx_inheriting_constructors
    Feature record: CXX_FEATURE:1cxx_inline_namespaces
    Feature record: CXX_FEATURE:1cxx_lambdas
    Feature record: CXX_FEATURE:0cxx_lambda_init_captures
    Feature record: CXX_FEATURE:1cxx_local_type_template_args
    Feature record: CXX_FEATURE:1cxx_long_long_type
    Feature record: CXX_FEATURE:1cxx_noexcept
    Feature record: CXX_FEATURE:1cxx_nonstatic_member_init
    Feature record: CXX_FEATURE:1cxx_nullptr
    Feature record: CXX_FEATURE:1cxx_override
    Feature record: CXX_FEATURE:1cxx_range_for
    Feature record: CXX_FEATURE:1cxx_raw_string_literals
    Feature record: CXX_FEATURE:1cxx_reference_qualified_functions
    Feature record: CXX_FEATURE:0cxx_relaxed_constexpr
    Feature record: CXX_FEATURE:0cxx_return_type_deduction
    Feature record: CXX_FEATURE:1cxx_right_angle_brackets
    Feature record: CXX_FEATURE:1cxx_rvalue_references
    Feature record: CXX_FEATURE:1cxx_sizeof_member
    Feature record: CXX_FEATURE:1cxx_static_assert
    Feature record: CXX_FEATURE:1cxx_strong_enums
    Feature record: CXX_FEATURE:1cxx_template_template_parameters
    Feature record: CXX_FEATURE:1cxx_thread_local
    Feature record: CXX_FEATURE:1cxx_trailing_return_types
    Feature record: CXX_FEATURE:1cxx_unicode_literals
    Feature record: CXX_FEATURE:1cxx_uniform_initialization
    Feature record: CXX_FEATURE:1cxx_unrestricted_unions
    Feature record: CXX_FEATURE:1cxx_user_literals
    Feature record: CXX_FEATURE:0cxx_variable_templates
    Feature record: CXX_FEATURE:1cxx_variadic_macros
    Feature record: CXX_FEATURE:1cxx_variadic_templates


Detecting CXX [-std=c++98] compiler features compiled with the following output:
Change Dir: /home/root/build_sdsp/CMakeFiles/CMakeTmp

Run Build Command:"/usr/bin/make" "cmTC_78e0a/fast"
/usr/bin/make -f CMakeFiles/cmTC_78e0a.dir/build.make CMakeFiles/cmTC_78e0a.dir/build
make[1]: Entering directory '/home/root/build_sdsp/CMakeFiles/CMakeTmp'
Building CXX object CMakeFiles/cmTC_78e0a.dir/feature_tests.cxx.o
/opt/Qualcomm/Hexagon_SDK/3.1/tools/HEXAGON_Tools/8.0.08/Tools/bin/hexagon-clang++    -std=c++98 -o CMakeFiles/cmTC_78e0a.dir/feature_tests.cxx.o -c /home/root/build_sdsp/CMakeFiles/feature_tests.cxx
Linking CXX executable cmTC_78e0a
/usr/bin/cmake -E cmake_link_script CMakeFiles/cmTC_78e0a.dir/link.txt --verbose=1
/opt/Qualcomm/Hexagon_SDK/3.1/tools/HEXAGON_Tools/8.0.08/Tools/bin/hexagon-clang++       CMakeFiles/cmTC_78e0a.dir/feature_tests.cxx.o  -o cmTC_78e0a 
make[1]: Leaving directory '/home/root/build_sdsp/CMakeFiles/CMakeTmp'


    Feature record: CXX_FEATURE:0cxx_aggregate_default_initializers
    Feature record: CXX_FEATURE:0cxx_alias_templates
    Feature record: CXX_FEATURE:0cxx_alignas
    Feature record: CXX_FEATURE:0cxx_alignof
    Feature record: CXX_FEATURE:0cxx_attributes
    Feature record: CXX_FEATURE:0cxx_attribute_deprecated
    Feature record: CXX_FEATURE:0cxx_auto_type
    Feature record: CXX_FEATURE:0cxx_binary_literals
    Feature record: CXX_FEATURE:0cxx_constexpr
    Feature record: CXX_FEATURE:0cxx_contextual_conversions
    Feature record: CXX_FEATURE:0cxx_decltype
    Feature record: CXX_FEATURE:0cxx_decltype_auto
    Feature record: CXX_FEATURE:0cxx_decltype_incomplete_return_types
    Feature record: CXX_FEATURE:0cxx_default_function_template_args
    Feature record: CXX_FEATURE:0cxx_defaulted_functions
    Feature record: CXX_FEATURE:0cxx_defaulted_move_initializers
    Feature record: CXX_FEATURE:0cxx_delegating_constructors
    Feature record: CXX_FEATURE:0cxx_deleted_functions
    Feature record: CXX_FEATURE:0cxx_digit_separators
    Feature record: CXX_FEATURE:0cxx_enum_forward_declarations
    Feature record: CXX_FEATURE:0cxx_explicit_conversions
    Feature record: CXX_FEATURE:0cxx_extended_friend_declarations
    Feature record: CXX_FEATURE:0cxx_extern_templates
    Feature record: CXX_FEATURE:0cxx_final
    Feature record: CXX_FEATURE:0cxx_func_identifier
    Feature record: CXX_FEATURE:0cxx_generalized_initializers
    Feature record: CXX_FEATURE:0cxx_generic_lambdas
    Feature record: CXX_FEATURE:0cxx_inheriting_constructors
    Feature record: CXX_FEATURE:0cxx_inline_namespaces
    Feature record: CXX_FEATURE:0cxx_lambdas
    Feature record: CXX_FEATURE:0cxx_lambda_init_captures
    Feature record: CXX_FEATURE:0cxx_local_type_template_args
    Feature record: CXX_FEATURE:0cxx_long_long_type
    Feature record: CXX_FEATURE:0cxx_noexcept
    Feature record: CXX_FEATURE:0cxx_nonstatic_member_init
    Feature record: CXX_FEATURE:0cxx_nullptr
    Feature record: CXX_FEATURE:0cxx_override
    Feature record: CXX_FEATURE:0cxx_range_for
    Feature record: CXX_FEATURE:0cxx_raw_string_literals
    Feature record: CXX_FEATURE:0cxx_reference_qualified_functions
    Feature record: CXX_FEATURE:0cxx_relaxed_constexpr
    Feature record: CXX_FEATURE:0cxx_return_type_deduction
    Feature record: CXX_FEATURE:0cxx_right_angle_brackets
    Feature record: CXX_FEATURE:0cxx_rvalue_references
    Feature record: CXX_FEATURE:0cxx_sizeof_member
    Feature record: CXX_FEATURE:0cxx_static_assert
    Feature record: CXX_FEATURE:0cxx_strong_enums
    Feature record: CXX_FEATURE:1cxx_template_template_parameters
    Feature record: CXX_FEATURE:0cxx_thread_local
    Feature record: CXX_FEATURE:0cxx_trailing_return_types
    Feature record: CXX_FEATURE:0cxx_unicode_literals
    Feature record: CXX_FEATURE:0cxx_uniform_initialization
    Feature record: CXX_FEATURE:0cxx_unrestricted_unions
    Feature record: CXX_FEATURE:0cxx_user_literals
    Feature record: CXX_FEATURE:0cxx_variable_templates
    Feature record: CXX_FEATURE:0cxx_variadic_macros
    Feature record: CXX_FEATURE:0cxx_variadic_templates
